# JRE version: Java(TM) SE Runtime Environment (8.0_331-b09) (build 1.8.0_331-b09)
# Java VM: Java HotSpot(TM) 64-Bit Server VM (25.331-b09 mixed mode windows-amd64 compressed oops)
Heap:
 PSYoungGen      total 56832K, used 6378K [0x000000076c000000, 0x000000076f880000, 0x00000007c0000000)
  eden space 56320K, 11% used [0x000000076c000000,0x000000076c63aae8,0x000000076f700000)
  from space 512K, 0% used [0x000000076f800000,0x000000076f800000,0x000000076f880000)
  to   space 512K, 0% used [0x000000076f780000,0x000000076f780000,0x000000076f800000)
 ParOldGen       total 172032K, used 4872K [0x00000006c4000000, 0x00000006ce800000, 0x000000076c000000)
  object space 172032K, 2% used [0x00000006c4000000,0x00000006c44c20f8,0x00000006ce800000)
 Metaspace       used 16380K, capacity 16600K, committed 16768K, reserved 1064960K
  class space    used 1532K, capacity 1606K, committed 1664K, reserved 1048576K
GC Heap History (10 events):
Event: 22.098 GC heap before
{Heap before GC invocations=217 (full 103):
 PSYoungGen      total 56832K, used 224K [0x000000076c000000, 0x000000076f880000, 0x00000007c0000000)
  eden space 56320K, 0% used [0x000000076c000000,0x000000076c000000,0x000000076f700000)
  from space 512K, 43% used [0x000000076f800000,0x000000076f838000,0x000000076f880000)
  to   space 512K, 0% used [0x000000076f780000,0x000000076f780000,0x000000076f800000)
 ParOldGen       total 172032K, used 4839K [0x00000006c4000000, 0x00000006ce800000, 0x000000076c000000)
  object space 172032K, 2% used [0x00000006c4000000,0x00000006c44b9ed0,0x00000006ce800000)
 Metaspace       used 16119K, capacity 16280K, committed 16512K, reserved 1064960K
  class space    used 1524K, capacity 1606K, committed 1664K, reserved 1048576K
Event: 22.117 GC heap after
Heap after GC invocations=217 (full 103):
 PSYoungGen      total 56832K, used 0K [0x000000076c000000, 0x000000076f880000, 0x00000007c0000000)
  eden space 56320K, 0% used [0x000000076c000000,0x000000076c000000,0x000000076f700000)
  from space 512K, 0% used [0x000000076f800000,0x000000076f800000,0x000000076f880000)
  to   space 512K, 0% used [0x000000076f780000,0x000000076f780000,0x000000076f800000)
 ParOldGen       total 172032K, used 4785K [0x00000006c4000000, 0x00000006ce800000, 0x000000076c000000)
  object space 172032K, 2% used [0x00000006c4000000,0x00000006c44ac518,0x00000006ce800000)
 Metaspace       used 16119K, capacity 16280K, committed 16512K, reserved 1064960K
  class space    used 1524K, capacity 1606K, committed 1664K, reserved 1048576K
}
Event: 22.118 GC heap before
{Heap before GC invocations=218 (full 103):
 PSYoungGen      total 56832K, used 1096K [0x000000076c000000, 0x000000076f880000, 0x00000007c0000000)
  eden space 56320K, 1% used [0x000000076c000000,0x000000076c112298,0x000000076f700000)
  from space 512K, 0% used [0x000000076f800000,0x000000076f800000,0x000000076f880000)
  to   space 512K, 0% used [0x000000076f780000,0x000000076f780000,0x000000076f800000)
 ParOldGen       total 172032K, used 4785K [0x00000006c4000000, 0x00000006ce800000, 0x000000076c000000)
  object space 172032K, 2% used [0x00000006c4000000,0x00000006c44ac518,0x00000006ce800000)
 Metaspace       used 16119K, capacity 16280K, committed 16512K, reserved 1064960K
  class space    used 1524K, capacity 1606K, committed 1664K, reserved 1048576K
Event: 22.119 GC heap after
Heap after GC invocations=218 (full 103):
 PSYoungGen      total 56832K, used 191K [0x000000076c000000, 0x000000076f880000, 0x00000007c0000000)
  eden space 56320K, 0% used [0x000000076c000000,0x000000076c000000,0x000000076f700000)
  from space 512K, 37% used [0x000000076f780000,0x000000076f7afc90,0x000000076f800000)
  to   space 512K, 0% used [0x000000076f800000,0x000000076f800000,0x000000076f880000)
 ParOldGen       total 172032K, used 4785K [0x00000006c4000000, 0x00000006ce800000, 0x000000076c000000)
  object space 172032K, 2% used [0x00000006c4000000,0x00000006c44ac518,0x00000006ce800000)
 Metaspace       used 16119K, capacity 16280K, committed 16512K, reserved 1064960K
  class space    used 1524K, capacity 1606K, committed 1664K, reserved 1048576K
}
Event: 22.119 GC heap before
{Heap before GC invocations=219 (full 104):
 PSYoungGen      total 56832K, used 191K [0x000000076c000000, 0x000000076f880000, 0x00000007c0000000)
  eden space 56320K, 0% used [0x000000076c000000,0x000000076c000000,0x000000076f700000)
  from space 512K, 37% used [0x000000076f780000,0x000000076f7afc90,0x000000076f800000)
  to   space 512K, 0% used [0x000000076f800000,0x000000076f800000,0x000000076f880000)
 ParOldGen       total 172032K, used 4785K [0x00000006c4000000, 0x00000006ce800000, 0x000000076c000000)
  object space 172032K, 2% used [0x00000006c4000000,0x00000006c44ac518,0x00000006ce800000)
 Metaspace       used 16119K, capacity 16280K, committed 16512K, reserved 1064960K
  class space    used 1524K, capacity 1606K, committed 1664K, reserved 1048576K
Event: 22.138 GC heap after
Heap after GC invocations=219 (full 104):
 PSYoungGen      total 56832K, used 0K [0x000000076c000000, 0x000000076f880000, 0x00000007c0000000)
  eden space 56320K, 0% used [0x000000076c000000,0x000000076c000000,0x000000076f700000)
  from space 512K, 0% used [0x000000076f780000,0x000000076f780000,0x000000076f800000)
  to   space 512K, 0% used [0x000000076f800000,0x000000076f800000,0x000000076f880000)
 ParOldGen       total 172032K, used 4833K [0x00000006c4000000, 0x00000006ce800000, 0x000000076c000000)
  object space 172032K, 2% used [0x00000006c4000000,0x00000006c44b8790,0x00000006ce800000)
 Metaspace       used 16119K, capacity 16280K, committed 16512K, reserved 1064960K
  class space    used 1524K, capacity 1606K, committed 1664K, reserved 1048576K
}
Event: 22.140 GC heap before
{Heap before GC invocations=220 (full 104):
 PSYoungGen      total 56832K, used 1096K [0x000000076c000000, 0x000000076f880000, 0x00000007c0000000)
  eden space 56320K, 1% used [0x000000076c000000,0x000000076c112298,0x000000076f700000)
  from space 512K, 0% used [0x000000076f780000,0x000000076f780000,0x000000076f800000)
  to   space 512K, 0% used [0x000000076f800000,0x000000076f800000,0x000000076f880000)
 ParOldGen       total 172032K, used 4833K [0x00000006c4000000, 0x00000006ce800000, 0x000000076c000000)
  object space 172032K, 2% used [0x00000006c4000000,0x00000006c44b8790,0x00000006ce800000)
 Metaspace       used 16119K, capacity 16280K, committed 16512K, reserved 1064960K
  class space    used 1524K, capacity 1606K, committed 1664K, reserved 1048576K
Event: 22.142 GC heap after
Heap after GC invocations=220 (full 104):
 PSYoungGen      total 56832K, used 191K [0x000000076c000000, 0x000000076f880000, 0x00000007c0000000)
  eden space 56320K, 0% used [0x000000076c000000,0x000000076c000000,0x000000076f700000)
  from space 512K, 37% used [0x000000076f800000,0x000000076f82fce0,0x000000076f880000)
  to   space 512K, 0% used [0x000000076f780000,0x000000076f780000,0x000000076f800000)
 ParOldGen       total 172032K, used 4833K [0x00000006c4000000, 0x00000006ce800000, 0x000000076c000000)
  object space 172032K, 2% used [0x00000006c4000000,0x00000006c44b8790,0x00000006ce800000)
 Metaspace       used 16119K, capacity 16280K, committed 16512K, reserved 1064960K
  class space    used 1524K, capacity 1606K, committed 1664K, reserved 1048576K
}
Event: 22.142 GC heap before
{Heap before GC invocations=221 (full 105):
 PSYoungGen      total 56832K, used 191K [0x000000076c000000, 0x000000076f880000, 0x00000007c0000000)
  eden space 56320K, 0% used [0x000000076c000000,0x000000076c000000,0x000000076f700000)
  from space 512K, 37% used [0x000000076f800000,0x000000076f82fce0,0x000000076f880000)
  to   space 512K, 0% used [0x000000076f780000,0x000000076f780000,0x000000076f800000)
 ParOldGen       total 172032K, used 4833K [0x00000006c4000000, 0x00000006ce800000, 0x000000076c000000)
  object space 172032K, 2% used [0x00000006c4000000,0x00000006c44b8790,0x00000006ce800000)
 Metaspace       used 16119K, capacity 16280K, committed 16512K, reserved 1064960K
  class space    used 1524K, capacity 1606K, committed 1664K, reserved 1048576K
Event: 22.161 GC heap after
Heap after GC invocations=221 (full 105):
 PSYoungGen      total 56832K, used 0K [0x000000076c000000, 0x000000076f880000, 0x00000007c0000000)
  eden space 56320K, 0% used [0x000000076c000000,0x000000076c000000,0x000000076f700000)
  from space 512K, 0% used [0x000000076f800000,0x000000076f800000,0x000000076f880000)
  to   space 512K, 0% used [0x000000076f780000,0x000000076f780000,0x000000076f800000)
 ParOldGen       total 172032K, used 4872K [0x00000006c4000000, 0x00000006ce800000, 0x000000076c000000)
  object space 172032K, 2% used [0x00000006c4000000,0x00000006c44c20f8,0x00000006ce800000)
 Metaspace       used 16119K, capacity 16280K, committed 16512K, reserved 1064960K
  class space    used 1524K, capacity 1606K, committed 1664K, reserved 1048576K
}

